<?xml version="1.0" encoding="UTF-8"?>
<testng-results ignored="1" total="2" passed="1" failed="0" skipped="0">
  <reporter-output>
  </reporter-output>
  <suite started-at="2022-07-13T17:50:57 PDT" name="Default suite" finished-at="2022-07-13T17:51:08 PDT" duration-ms="10854">
    <groups>
    </groups>
    <test started-at="2022-07-13T17:50:57 PDT" name="Default test" finished-at="2022-07-13T17:51:08 PDT" duration-ms="10854">
      <class name="NewTest">
        <test-method is-config="true" signature="beforeClass()[pri:0, instance:NewTest@82de64a]" started-at="2022-07-13T17:50:57 PDT" name="beforeClass" finished-at="2022-07-13T17:50:57 PDT" duration-ms="10" status="PASS">
          <reporter-output>
          </reporter-output>
        </test-method> <!-- beforeClass -->
        <test-method is-config="true" signature="beforeMethod()[pri:0, instance:NewTest@82de64a]" started-at="2022-07-13T17:50:57 PDT" name="beforeMethod" finished-at="2022-07-13T17:51:05 PDT" duration-ms="8346" status="PASS">
          <reporter-output>
          </reporter-output>
        </test-method> <!-- beforeMethod -->
        <test-method signature="validtest()[pri:1, instance:NewTest@82de64a]" started-at="2022-07-13T17:51:05 PDT" name="validtest" finished-at="2022-07-13T17:51:07 PDT" duration-ms="1817" status="PASS">
          <reporter-output>
          </reporter-output>
        </test-method> <!-- validtest -->
        <test-method is-config="true" signature="afterMethod()[pri:0, instance:NewTest@82de64a]" started-at="2022-07-13T17:51:07 PDT" name="afterMethod" finished-at="2022-07-13T17:51:08 PDT" duration-ms="600" status="PASS">
          <reporter-output>
          </reporter-output>
        </test-method> <!-- afterMethod -->
        <test-method is-config="true" signature="afterClass()[pri:0, instance:NewTest@82de64a]" started-at="2022-07-13T17:51:08 PDT" name="afterClass" finished-at="2022-07-13T17:51:08 PDT" duration-ms="0" status="PASS">
          <reporter-output>
          </reporter-output>
        </test-method> <!-- afterClass -->
      </class> <!-- NewTest -->
    </test> <!-- Default test -->
  </suite> <!-- Default suite -->
</testng-results>
